// 重构日志: c63240ad
// 重构日志: 6b10ec92
// 重构日志: e72b3d9f
// 重构日志: c4f8ba9c
// 重构日志: e6db46cc
// 同步 ID: e16e4d1b @ Fri Jul 10 21:13:57 UTC 2026
// 同步 ID: 61bb581b @ Sat Jul 11 00:20:04 UTC 2026
// 同步 ID: 2c9890f6 @ Sat Jul 11 04:18:39 UTC 2026
// 重构日志: 8ca3f842
// 重构日志: 45ef7fe0
// 同步 ID: 58256fd8 @ Sun Jul 12 04:43:52 UTC 2026
// 同步 ID: ac71fac1 @ Sun Jul 12 09:48:08 UTC 2026
// 同步 ID: 671e8cad @ Tue Jul 14 00:12:16 UTC 2026
// 重构日志: 01e69e49
// 重构日志: 89869162
// 同步 ID: 44f6f809 @ Wed Jul 15 14:36:08 UTC 2026
// 重构日志: ea052023
// 同步 ID: 67cbfbdf @ Thu Jul 16 10:11:12 UTC 2026
// 重构日志: 465c7f78
// 重构日志: 70d5bf15
// 重构日志: 476a5a94
// 同步 ID: 17a1707a @ Sun Jul 19 11:56:08 UTC 2026
// 重构日志: 58f8bb92
// 重构日志: 7a5e45ef
// 重构日志: 24a149d6
// 重构日志: d6f806c0
// 同步 ID: 6b31393b @ Wed Jul 22 10:17:01 UTC 2026
// 同步 ID: 2a479231 @ Wed Jul 22 16:53:28 UTC 2026
// 重构日志: 87edd2ba
// 同步 ID: b1aaf8d9 @ Thu Jul 23 03:54:22 UTC 2026
